#
# A fatal error has been detected by the Java Runtime Environment:
#
#  EXCEPTION_ACCESS_VIOLATION (0xc0000005) at pc=0x00007ffdc5011040, pid=29544, tid=12632
#
# JRE version: Java(TM) SE Runtime Environment (8.0_73-b02) (build 1.8.0_73-b02)
# Java VM: Java HotSpot(TM) 64-Bit Server VM (25.73-b02 mixed mode windows-amd64 compressed oops)
# Problematic frame:
# C  [sfml-window-2.dll+0x1040]
#
# Failed to write core dump. Minidumps are not enabled by default on client versions of Windows
#
# If you would like to submit a bug report, please visit:
#   http://bugreport.java.com/bugreport/crash.jsp
# The crash happened outside the Java Virtual Machine in native code.
# See problematic frame for where to report the bug.
#

---------------  T H R E A D  ---------------

Current thread (0x000000001ef9a000):  JavaThread "Thread-14" [_thread_in_native, id=12632, stack(0x0000000033080000,0x0000000033180000)]

siginfo: ExceptionCode=0xc0000005, reading address 0x0000000000000038

Registers:
RAX=0x00007ffdb3f4a870, RBX=0x000000003317f038, RCX=0x0000000000000030, RDX=0x000000003317f001
RSP=0x000000003317ef98, RBP=0x000000003317f0a8, RSI=0x0000000000000031, RDI=0x0000000000000000
R8 =0x0000000000000000, R9 =0x0000000000000000, R10=0x0000000000000052, R11=0x00000000577822a8
R12=0x0000000000000000, R13=0x00000000168d7c08, R14=0x000000003317f0d0, R15=0x000000001ef9a000
RIP=0x00007ffdc5011040, EFLAGS=0x0000000000010202

Top of Stack: (sp=0x000000003317ef98)
0x000000003317ef98:   00007ffdb3ec39cb 0000000000000000
0x000000003317efa8:   0000000086fe0f08 0000000085fd75e0
0x000000003317efb8:   00007ffdc47d14ff 0000000000000003
0x000000003317efc8:   00007ffdb3ec3cf1 00000000000021d0
0x000000003317efd8:   0000000002293a65 0000000000000000
0x000000003317efe8:   000000003317eef0 000000001e53ecf0
0x000000003317eff8:   00007ffdc47d5071 00000000d77845e8
0x000000003317f008:   00000000d7784690 00000000d77847a8
0x000000003317f018:   0000000002296da0 00000000000021d0
0x000000003317f028:   0000000002105e34 00000000168d7c08
0x000000003317f038:   0000000000000000 00000000d77845e8
0x000000003317f048:   000000000251c148 000001ab000001ac
0x000000003317f058:   000000000000010b 00000000d7724f60
0x000000003317f068:   000000003317f068 0000000000000000
0x000000003317f078:   000000003317f0d0 00000000168d9508
0x000000003317f088:   0000000000000000 00000000168d7c08 

Instructions: (pc=0x00007ffdc5011040)
0x00007ffdc5011020:   8b 01 ba 01 00 00 00 ff 10 90 48 8b cb 48 83 c4
0x00007ffdc5011030:   30 5b e9 79 13 00 00 cc cc cc cc cc cc cc cc cc
0x00007ffdc5011040:   48 8b 49 08 e9 f7 0e 00 00 cc cc cc cc cc cc cc
0x00007ffdc5011050:   48 89 4c 24 08 57 48 83 ec 30 48 c7 44 24 20 fe 


Register to memory mapping:

RAX=0x00007ffdb3f4a870 is an unknown value
RBX=0x000000003317f038 is pointing into the stack for thread: 0x000000001ef9a000
RCX=0x0000000000000030 is an unknown value
RDX=0x000000003317f001 is pointing into the stack for thread: 0x000000001ef9a000
RSP=0x000000003317ef98 is pointing into the stack for thread: 0x000000001ef9a000
RBP=0x000000003317f0a8 is pointing into the stack for thread: 0x000000001ef9a000
RSI=0x0000000000000031 is an unknown value
RDI=0x0000000000000000 is an unknown value
R8 =0x0000000000000000 is an unknown value
R9 =0x0000000000000000 is an unknown value
R10=0x0000000000000052 is an unknown value
R11=0x00000000577822a8 is an unknown value
R12=0x0000000000000000 is an unknown value
R13={method} {0x00000000168d7c10} 'nativeClear' '(I)V' in 'org/jsfml/graphics/RenderTexture'
R14=0x000000003317f0d0 is pointing into the stack for thread: 0x000000001ef9a000
R15=0x000000001ef9a000 is a thread


Stack: [0x0000000033080000,0x0000000033180000],  sp=0x000000003317ef98,  free space=1019k
Native frames: (J=compiled Java code, j=interpreted, Vv=VM code, C=native code)
C  [sfml-window-2.dll+0x1040]

Java frames: (J=compiled Java code, j=interpreted, Vv=VM code)
j  org.jsfml.graphics.RenderTexture.nativeClear(I)V+0
j  org.jsfml.graphics.RenderTexture.clear(Lorg/jsfml/graphics/Color;)V+5
J 1103 C2 behaviour.flowField.Field.updateImage()V (249 bytes) @ 0x000000000258d5bc [0x000000000258d540+0x7c]
J 1287 C2 behaviour.flowField.Field.openCellatPos(Lorg/jsfml/system/Vector2f;)V (231 bytes) @ 0x0000000002690a10 [0x00000000026906e0+0x330]
J 1303% C2 behaviour.flowField.Field.openCellatPos(Lorg/jsfml/system/Vector2f;IFFFF)V (216 bytes) @ 0x000000000269d7b8 [0x000000000269d380+0x438]
j  behaviour.orders.FollowOrder$1.run()V+71
j  java.lang.Thread.run()V+11
v  ~StubRoutines::call_stub

---------------  P R O C E S S  ---------------

Java Threads: ( => current thread )
  0x0000000001ff0800 JavaThread "DestroyJavaVM" [_thread_blocked, id=28520, stack(0x0000000001ed0000,0x0000000001fd0000)]
=>0x000000001ef9a000 JavaThread "Thread-14" [_thread_in_native, id=12632, stack(0x0000000033080000,0x0000000033180000)]
  0x000000001ef99800 JavaThread "Thread-13" [_thread_in_native, id=28324, stack(0x0000000032f80000,0x0000000033080000)]
  0x00000000188c1000 JavaThread "AWT-Windows" daemon [_thread_in_native, id=21844, stack(0x0000000019cd0000,0x0000000019dd0000)]
  0x00000000188bb800 JavaThread "Java2D Disposer" daemon [_thread_blocked, id=29204, stack(0x0000000019ad0000,0x0000000019bd0000)]
  0x0000000018534000 JavaThread "Service Thread" daemon [_thread_blocked, id=27392, stack(0x0000000018910000,0x0000000018a10000)]
  0x0000000016bea000 JavaThread "C1 CompilerThread2" daemon [_thread_blocked, id=15228, stack(0x0000000018410000,0x0000000018510000)]
  0x0000000016be6000 JavaThread "C2 CompilerThread1" daemon [_thread_blocked, id=28824, stack(0x0000000018310000,0x0000000018410000)]
  0x0000000016bda000 JavaThread "C2 CompilerThread0" daemon [_thread_blocked, id=28484, stack(0x0000000018210000,0x0000000018310000)]
  0x0000000016bd9800 JavaThread "Attach Listener" daemon [_thread_blocked, id=26456, stack(0x0000000018110000,0x0000000018210000)]
  0x0000000016be4800 JavaThread "Signal Dispatcher" daemon [_thread_blocked, id=28760, stack(0x0000000018010000,0x0000000018110000)]
  0x00000000020e6000 JavaThread "Finalizer" daemon [_thread_blocked, id=28292, stack(0x0000000017e30000,0x0000000017f30000)]
  0x00000000020dd000 JavaThread "Reference Handler" daemon [_thread_blocked, id=22984, stack(0x0000000017d30000,0x0000000017e30000)]

Other Threads:
  0x0000000016ba7800 VMThread [stack: 0x0000000017c30000,0x0000000017d30000] [id=28712]
  0x000000001853c000 WatcherThread [stack: 0x0000000018a10000,0x0000000018b10000] [id=24956]

VM state:not at safepoint (normal execution)

VM Mutex/Monitor currently owned by a thread: None

Heap:
 PSYoungGen      total 639488K, used 80396K [0x00000000d6000000, 0x0000000100000000, 0x0000000100000000)
  eden space 589824K, 13% used [0x00000000d6000000,0x00000000dae830e0,0x00000000fa000000)
  from space 49664K, 0% used [0x00000000fcf80000,0x00000000fcf80000,0x0000000100000000)
  to   space 48640K, 0% used [0x00000000fa000000,0x00000000fa000000,0x00000000fcf80000)
 ParOldGen       total 151552K, used 86915K [0x0000000082000000, 0x000000008b400000, 0x00000000d6000000)
  object space 151552K, 57% used [0x0000000082000000,0x00000000874e0fd0,0x000000008b400000)
 Metaspace       used 7783K, capacity 7922K, committed 8192K, reserved 1056768K
  class space    used 909K, capacity 959K, committed 1024K, reserved 1048576K

Card table byte_map: [0x00000000114b0000,0x00000000118b0000] byte_map_base: 0x00000000110a0000

Marking Bits: (ParMarkBitMap*) 0x0000000057790600
 Begin Bits: [0x0000000011f50000, 0x0000000013ed0000)
 End Bits:   [0x0000000013ed0000, 0x0000000015e50000)

Polling page: 0x0000000000550000

CodeCache: size=245760Kb used=6055Kb max_used=6062Kb free=239704Kb
 bounds [0x00000000020f0000, 0x00000000026f0000, 0x00000000110f0000]
 total_blobs=1701 nmethods=1318 adapters=296
 compilation: enabled

Compilation events (10 events):
Event: 22.229 Thread 0x0000000016bda000 1307   !   4       behaviour.flowField.Field::setVectors (448 bytes)
Event: 22.233 Thread 0x0000000016bea000 1308       3       java.io.BufferedWriter::ensureOpen (18 bytes)
Event: 22.233 Thread 0x0000000016bea000 nmethod 1308 0x0000000002676ed0 code [0x0000000002677040, 0x0000000002677288]
Event: 22.233 Thread 0x0000000016bea000 1310       3       java.io.PrintStream::ensureOpen (18 bytes)
Event: 22.233 Thread 0x0000000016bea000 nmethod 1310 0x00000000026769d0 code [0x0000000002676b40, 0x0000000002676d88]
Event: 22.233 Thread 0x0000000016bea000 1309       1       sun.nio.cs.StreamEncoder::isOpen (5 bytes)
Event: 22.233 Thread 0x0000000016bea000 nmethod 1309 0x0000000002674a10 code [0x0000000002674b60, 0x0000000002674c70]
Event: 22.233 Thread 0x0000000016be6000 1311       4       behaviour.flowField.Field::openCellatPos (216 bytes)
Event: 22.239 Thread 0x0000000016be6000 nmethod 1311 0x00000000026a72d0 code [0x00000000026a7480, 0x00000000026a7928]
Event: 22.239 Thread 0x0000000016be6000 1312 %     4       behaviour.flowField.Field::losPass @ 27 (284 bytes)

GC Heap History (10 events):
Event: 2.441 GC heap before
{Heap before GC invocations=8 (full 0):
 PSYoungGen      total 283648K, used 263136K [0x00000000d6000000, 0x00000000f8b00000, 0x0000000100000000)
  eden space 262144K, 100% used [0x00000000d6000000,0x00000000e6000000,0x00000000e6000000)
  from space 21504K, 4% used [0x00000000e6000000,0x00000000e60f8000,0x00000000e7500000)
  to   space 22016K, 0% used [0x00000000f7580000,0x00000000f7580000,0x00000000f8b00000)
 ParOldGen       total 86016K, used 35011K [0x0000000082000000, 0x0000000087400000, 0x00000000d6000000)
  object space 86016K, 40% used [0x0000000082000000,0x0000000084230e10,0x0000000087400000)
 Metaspace       used 7633K, capacity 7730K, committed 7936K, reserved 1056768K
  class space    used 904K, capacity 959K, committed 1024K, reserved 1048576K
Event: 2.503 GC heap after
Heap after GC invocations=8 (full 0):
 PSYoungGen      total 535552K, used 21997K [0x00000000d6000000, 0x00000000fa000000, 0x0000000100000000)
  eden space 513536K, 0% used [0x00000000d6000000,0x00000000d6000000,0x00000000f5580000)
  from space 22016K, 99% used [0x00000000f7580000,0x00000000f8afb788,0x00000000f8b00000)
  to   space 32768K, 0% used [0x00000000f5580000,0x00000000f5580000,0x00000000f7580000)
 ParOldGen       total 86016K, used 49827K [0x0000000082000000, 0x0000000087400000, 0x00000000d6000000)
  object space 86016K, 57% used [0x0000000082000000,0x00000000850a8e10,0x0000000087400000)
 Metaspace       used 7633K, capacity 7730K, committed 7936K, reserved 1056768K
  class space    used 904K, capacity 959K, committed 1024K, reserved 1048576K
}
Event: 15.689 GC heap before
{Heap before GC invocations=9 (full 0):
 PSYoungGen      total 535552K, used 535533K [0x00000000d6000000, 0x00000000fa000000, 0x0000000100000000)
  eden space 513536K, 100% used [0x00000000d6000000,0x00000000f5580000,0x00000000f5580000)
  from space 22016K, 99% used [0x00000000f7580000,0x00000000f8afb788,0x00000000f8b00000)
  to   space 32768K, 0% used [0x00000000f5580000,0x00000000f5580000,0x00000000f7580000)
 ParOldGen       total 86016K, used 49827K [0x0000000082000000, 0x0000000087400000, 0x00000000d6000000)
  object space 86016K, 57% used [0x0000000082000000,0x00000000850a8e10,0x0000000087400000)
 Metaspace       used 7768K, capacity 7922K, committed 8192K, reserved 1056768K
  class space    used 908K, capacity 959K, committed 1024K, reserved 1048576K
Event: 15.754 GC heap after
Heap after GC invocations=9 (full 0):
 PSYoungGen      total 546304K, used 32768K [0x00000000d6000000, 0x0000000100000000, 0x0000000100000000)
  eden space 513536K, 0% used [0x00000000d6000000,0x00000000d6000000,0x00000000f5580000)
  from space 32768K, 100% used [0x00000000f5580000,0x00000000f7580000,0x00000000f7580000)
  to   space 49664K, 0% used [0x00000000fcf80000,0x00000000fcf80000,0x0000000100000000)
 ParOldGen       total 86016K, used 77018K [0x0000000082000000, 0x0000000087400000, 0x00000000d6000000)
  object space 86016K, 89% used [0x0000000082000000,0x0000000086b36a40,0x0000000087400000)
 Metaspace       used 7768K, capacity 7922K, committed 8192K, reserved 1056768K
  class space    used 908K, capacity 959K, committed 1024K, reserved 1048576K
}
Event: 15.754 GC heap before
{Heap before GC invocations=10 (full 1):
 PSYoungGen      total 546304K, used 32768K [0x00000000d6000000, 0x0000000100000000, 0x0000000100000000)
  eden space 513536K, 0% used [0x00000000d6000000,0x00000000d6000000,0x00000000f5580000)
  from space 32768K, 100% used [0x00000000f5580000,0x00000000f7580000,0x00000000f7580000)
  to   space 49664K, 0% used [0x00000000fcf80000,0x00000000fcf80000,0x0000000100000000)
 ParOldGen       total 86016K, used 77018K [0x0000000082000000, 0x0000000087400000, 0x00000000d6000000)
  object space 86016K, 89% used [0x0000000082000000,0x0000000086b36a40,0x0000000087400000)
 Metaspace       used 7768K, capacity 7922K, committed 8192K, reserved 1056768K
  class space    used 908K, capacity 959K, committed 1024K, reserved 1048576K
Event: 16.082 GC heap after
Heap after GC invocations=10 (full 1):
 PSYoungGen      total 546304K, used 12269K [0x00000000d6000000, 0x0000000100000000, 0x0000000100000000)
  eden space 513536K, 0% used [0x00000000d6000000,0x00000000d6000000,0x00000000f5580000)
  from space 32768K, 37% used [0x00000000f5580000,0x00000000f617b620,0x00000000f7580000)
  to   space 49664K, 0% used [0x00000000fcf80000,0x00000000fcf80000,0x0000000100000000)
 ParOldGen       total 151552K, used 86000K [0x0000000082000000, 0x000000008b400000, 0x00000000d6000000)
  object space 151552K, 56% used [0x0000000082000000,0x00000000873fc1c0,0x000000008b400000)
 Metaspace       used 7768K, capacity 7922K, committed 8192K, reserved 1056768K
  class space    used 908K, capacity 959K, committed 1024K, reserved 1048576K
}
Event: 21.762 GC heap before
{Heap before GC invocations=11 (full 1):
 PSYoungGen      total 546304K, used 234112K [0x00000000d6000000, 0x0000000100000000, 0x0000000100000000)
  eden space 513536K, 43% used [0x00000000d6000000,0x00000000e38a4bb8,0x00000000f5580000)
  from space 32768K, 37% used [0x00000000f5580000,0x00000000f617b620,0x00000000f7580000)
  to   space 49664K, 0% used [0x00000000fcf80000,0x00000000fcf80000,0x0000000100000000)
 ParOldGen       total 151552K, used 86000K [0x0000000082000000, 0x000000008b400000, 0x00000000d6000000)
  object space 151552K, 56% used [0x0000000082000000,0x00000000873fc1c0,0x000000008b400000)
 Metaspace       used 7781K, capacity 7922K, committed 8192K, reserved 1056768K
  class space    used 909K, capacity 959K, committed 1024K, reserved 1048576K
Event: 21.804 GC heap after
Heap after GC invocations=11 (full 1):
 PSYoungGen      total 639488K, used 23488K [0x00000000d6000000, 0x0000000100000000, 0x0000000100000000)
  eden space 589824K, 0% used [0x00000000d6000000,0x00000000d6000000,0x00000000fa000000)
  from space 49664K, 47% used [0x00000000fcf80000,0x00000000fe670000,0x0000000100000000)
  to   space 48640K, 0% used [0x00000000fa000000,0x00000000fa000000,0x00000000fcf80000)
 ParOldGen       total 151552K, used 87528K [0x0000000082000000, 0x000000008b400000, 0x00000000d6000000)
  object space 151552K, 57% used [0x0000000082000000,0x000000008757a1c0,0x000000008b400000)
 Metaspace       used 7781K, capacity 7922K, committed 8192K, reserved 1056768K
  class space    used 909K, capacity 959K, committed 1024K, reserved 1048576K
}
Event: 21.804 GC heap before
{Heap before GC invocations=12 (full 2):
 PSYoungGen      total 639488K, used 23488K [0x00000000d6000000, 0x0000000100000000, 0x0000000100000000)
  eden space 589824K, 0% used [0x00000000d6000000,0x00000000d6000000,0x00000000fa000000)
  from space 49664K, 47% used [0x00000000fcf80000,0x00000000fe670000,0x0000000100000000)
  to   space 48640K, 0% used [0x00000000fa000000,0x00000000fa000000,0x00000000fcf80000)
 ParOldGen       total 151552K, used 87528K [0x0000000082000000, 0x000000008b400000, 0x00000000d6000000)
  object space 151552K, 57% used [0x0000000082000000,0x000000008757a1c0,0x000000008b400000)
 Metaspace       used 7781K, capacity 7922K, committed 8192K, reserved 1056768K
  class space    used 909K, capacity 959K, committed 1024K, reserved 1048576K
Event: 22.004 GC heap after
Heap after GC invocations=12 (full 2):
 PSYoungGen      total 639488K, used 0K [0x00000000d6000000, 0x0000000100000000, 0x0000000100000000)
  eden space 589824K, 0% used [0x00000000d6000000,0x00000000d6000000,0x00000000fa000000)
  from space 49664K, 0% used [0x00000000fcf80000,0x00000000fcf80000,0x0000000100000000)
  to   space 48640K, 0% used [0x00000000fa000000,0x00000000fa000000,0x00000000fcf80000)
 ParOldGen       total 151552K, used 86915K [0x0000000082000000, 0x000000008b400000, 0x00000000d6000000)
  object space 151552K, 57% used [0x0000000082000000,0x00000000874e0fd0,0x000000008b400000)
 Metaspace       used 7781K, capacity 7922K, committed 8192K, reserved 1056768K
  class space    used 909K, capacity 959K, committed 1024K, reserved 1048576K
}

Deoptimization events (10 events):
Event: 14.869 Thread 0x0000000001ff0800 Uncommon trap: reason=bimorphic action=maybe_recompile pc=0x00000000025175a8 method=java.util.ArrayList.remove(Ljava/lang/Object;)Z @ 56
Event: 16.120 Thread 0x00000000020e6000 Uncommon trap: reason=unstable_if action=reinterpret pc=0x00000000025482b4 method=org.jsfml.internal.SFMLNativeObject.finalize()V @ 4
Event: 20.958 Thread 0x000000001956b000 Uncommon trap: reason=unstable_if action=reinterpret pc=0x000000000264a238 method=java.util.TimSort.countRunAndMakeAscending([Ljava/lang/Object;IILjava/util/Comparator;)I @ 27
Event: 21.728 Thread 0x000000001956b000 Uncommon trap: reason=unstable_if action=reinterpret pc=0x00000000026788fc method=behaviour.flowField.Field.openCellatPos(Lorg/jsfml/system/Vector2f;IFFFF)V @ 145
Event: 21.729 Thread 0x000000001956b000 Uncommon trap: reason=unstable_if action=reinterpret pc=0x0000000002675a98 method=behaviour.flowField.Field.openCellatPos(Lorg/jsfml/system/Vector2f;IFFFF)V @ 145
Event: 21.762 Thread 0x000000001956b000 Uncommon trap: reason=unstable_if action=reinterpret pc=0x00000000022bc6fc method=java.nio.Bits.reserveMemory(JI)V @ 37
Event: 22.047 Thread 0x00000000020dd000 Uncommon trap: reason=unstable_if action=reinterpret pc=0x00000000026737e0 method=java.lang.ref.Reference$ReferenceHandler.run()V @ 9
Event: 22.189 Thread 0x0000000001ff0800 Uncommon trap: reason=unstable_if action=reinterpret pc=0x000000000261d7ec method=gameElements.units.Entity.repel()Lorg/jsfml/system/Vector2f; @ 78
Event: 22.210 Thread 0x0000000001ff0800 Uncommon trap: reason=unstable_if action=reinterpret pc=0x000000000260b2e4 method=java.util.Arrays.copyOf([Ljava/lang/Object;ILjava/lang/Class;)[Ljava/lang/Object; @ 3
Event: 22.221 Thread 0x000000001ef99800 Uncommon trap: reason=unstable_if action=reinterpret pc=0x00000000025d30b4 method=java.util.TimSort.sort([Ljava/lang/Object;IILjava/util/Comparator;[Ljava/lang/Object;II)V @ 45

Internal exceptions (10 events):
Event: 20.958 Thread 0x000000001956b000 Exception <a 'java/lang/ArrayIndexOutOfBoundsException': -1> (0x00000000e1b840d8) thrown at [D:\re\puppet\workspace\8-2-build-windows-amd64-cygwin\jdk8u73\6086\hotspot\src\share\vm\interpreter\interpreterRuntime.cpp, line 366]
Event: 20.958 Thread 0x000000001956b000 Exception <a 'java/lang/ArrayIndexOutOfBoundsException': -1> (0x00000000e1b84430) thrown at [D:\re\puppet\workspace\8-2-build-windows-amd64-cygwin\jdk8u73\6086\hotspot\src\share\vm\interpreter\interpreterRuntime.cpp, line 366]
Event: 20.958 Thread 0x000000001956b000 Exception <a 'java/lang/ArrayIndexOutOfBoundsException': -1> (0x00000000e1b84788) thrown at [D:\re\puppet\workspace\8-2-build-windows-amd64-cygwin\jdk8u73\6086\hotspot\src\share\vm\interpreter\interpreterRuntime.cpp, line 366]
Event: 20.958 Thread 0x000000001956b000 Exception <a 'java/lang/ArrayIndexOutOfBoundsException': -1> (0x00000000e1b84a80) thrown at [D:\re\puppet\workspace\8-2-build-windows-amd64-cygwin\jdk8u73\6086\hotspot\src\share\vm\interpreter\interpreterRuntime.cpp, line 366]
Event: 20.959 Thread 0x000000001956b000 Exception <a 'java/lang/ArrayIndexOutOfBoundsException'> (0x00000000e1b84d78) thrown at [D:\re\puppet\workspace\8-2-build-windows-amd64-cygwin\jdk8u73\6086\hotspot\src\share\vm\runtime\sharedRuntime.cpp, line 605]
Event: 20.959 Thread 0x000000001956b000 Exception <a 'java/lang/ArrayIndexOutOfBoundsException'> (0x00000000e1b850f0) thrown at [D:\re\puppet\workspace\8-2-build-windows-amd64-cygwin\jdk8u73\6086\hotspot\src\share\vm\runtime\sharedRuntime.cpp, line 605]
Event: 20.959 Thread 0x000000001956b000 Exception <a 'java/lang/ArrayIndexOutOfBoundsException'> (0x00000000e1b85468) thrown at [D:\re\puppet\workspace\8-2-build-windows-amd64-cygwin\jdk8u73\6086\hotspot\src\share\vm\runtime\sharedRuntime.cpp, line 605]
Event: 20.959 Thread 0x000000001956b000 Exception <a 'java/lang/ArrayIndexOutOfBoundsException'> (0x00000000e1b85800) thrown at [D:\re\puppet\workspace\8-2-build-windows-amd64-cygwin\jdk8u73\6086\hotspot\src\share\vm\runtime\sharedRuntime.cpp, line 605]
Event: 20.959 Thread 0x000000001956b000 Exception <a 'java/lang/ArrayIndexOutOfBoundsException'> (0x00000000e1b85b98) thrown at [D:\re\puppet\workspace\8-2-build-windows-amd64-cygwin\jdk8u73\6086\hotspot\src\share\vm\runtime\sharedRuntime.cpp, line 605]
Event: 22.047 Thread 0x00000000020dd000 Implicit null exception at 0x0000000002672c68 to 0x00000000026737d5

Events (10 events):
Event: 22.229 Thread 0x0000000021cf8800 DEOPT UNPACKING pc=0x000000000213787f sp=0x00000000200feb88 mode 0
Event: 22.230 Thread 0x000000001ef99800 DEOPT PACKING pc=0x0000000002687d2d sp=0x000000003307f070
Event: 22.230 Thread 0x000000001ef99800 DEOPT UNPACKING pc=0x000000000213787f sp=0x000000003307edf8 mode 0
Event: 22.233 Executing VM operation: RevokeBias
Event: 22.233 Executing VM operation: RevokeBias done
Event: 22.233 Thread 0x0000000021cf8800 Thread exited: 0x0000000021cf8800
Event: 22.233 Thread 0x000000001ef9a000 DEOPT PACKING pc=0x0000000002677b90 sp=0x000000003317f2c0
Event: 22.233 Thread 0x000000001ef9a000 DEOPT UNPACKING pc=0x000000000213787f sp=0x000000003317efc8 mode 0
Event: 22.238 Thread 0x000000001ef9a000 DEOPT PACKING pc=0x0000000002687d2d sp=0x000000003317f100
Event: 22.238 Thread 0x000000001ef9a000 DEOPT UNPACKING pc=0x000000000213787f sp=0x000000003317ee88 mode 0


Dynamic libraries:
0x00007ff65f5c0000 - 0x00007ff65f5f7000 	C:\Program Files\Java\jre1.8.0_73\bin\javaw.exe
0x00007ffdd3af0000 - 0x00007ffdd3c9d000 	C:\WINDOWS\SYSTEM32\ntdll.dll
0x00007ffdd2330000 - 0x00007ffdd246e000 	C:\WINDOWS\system32\KERNEL32.DLL
0x00007ffdd0f40000 - 0x00007ffdd1055000 	C:\WINDOWS\system32\KERNELBASE.dll
0x00007ffdcf400000 - 0x00007ffdcf48e000 	C:\WINDOWS\system32\apphelp.dll
0x00007ffdc5040000 - 0x00007ffdc5093000 	C:\WINDOWS\AppPatch\AppPatch64\AcGenral.DLL
0x00007ffdd1db0000 - 0x00007ffdd1e5a000 	C:\WINDOWS\system32\msvcrt.dll
0x00007ffdd0ae0000 - 0x00007ffdd0b0e000 	C:\WINDOWS\SYSTEM32\SspiCli.dll
0x00007ffdd1b30000 - 0x00007ffdd1b84000 	C:\WINDOWS\system32\SHLWAPI.dll
0x00007ffdd1c30000 - 0x00007ffdd1da7000 	C:\WINDOWS\system32\USER32.dll
0x00007ffdd1540000 - 0x00007ffdd16d4000 	C:\WINDOWS\system32\ole32.dll
0x00007ffdd25c0000 - 0x00007ffdd3aea000 	C:\WINDOWS\system32\SHELL32.dll
0x00007ffdd0460000 - 0x00007ffdd0481000 	C:\WINDOWS\SYSTEM32\USERENV.dll
0x00007ffdd2270000 - 0x00007ffdd231a000 	C:\WINDOWS\system32\ADVAPI32.dll
0x00007ffdc5440000 - 0x00007ffdc545e000 	C:\WINDOWS\SYSTEM32\MPR.dll
0x00007ffdd1e60000 - 0x00007ffdd1fa1000 	C:\WINDOWS\system32\RPCRT4.dll
0x00007ffdd1ad0000 - 0x00007ffdd1b29000 	C:\WINDOWS\SYSTEM32\sechost.dll
0x00007ffdd16e0000 - 0x00007ffdd18f1000 	C:\WINDOWS\SYSTEM32\combase.dll
0x00007ffdd2470000 - 0x00007ffdd25c0000 	C:\WINDOWS\system32\GDI32.dll
0x00007ffdd0c40000 - 0x00007ffdd0c55000 	C:\WINDOWS\SYSTEM32\profapi.dll
0x00007ffdcfcc0000 - 0x00007ffdcfd72000 	C:\WINDOWS\SYSTEM32\SHCORE.dll
0x00007ffdd1b90000 - 0x00007ffdd1bc6000 	C:\WINDOWS\system32\IMM32.DLL
0x00007ffdd1200000 - 0x00007ffdd1352000 	C:\WINDOWS\system32\MSCTF.dll
0x00007ffdce860000 - 0x00007ffdceadb000 	C:\WINDOWS\WinSxS\amd64_microsoft.windows.common-controls_6595b64144ccf1df_6.0.9600.18006_none_623f33d3ecbe86e8\COMCTL32.dll
0x0000000056d80000 - 0x0000000056e52000 	C:\Program Files\Java\jre1.8.0_73\bin\msvcr100.dll
0x0000000056f80000 - 0x0000000057810000 	C:\Program Files\Java\jre1.8.0_73\bin\server\jvm.dll
0x00007ffdc7ce0000 - 0x00007ffdc7ce9000 	C:\WINDOWS\SYSTEM32\WSOCK32.dll
0x00007ffdcd210000 - 0x00007ffdcd232000 	C:\WINDOWS\SYSTEM32\WINMM.dll
0x00007ffdd00d0000 - 0x00007ffdd00da000 	C:\WINDOWS\SYSTEM32\VERSION.dll
0x00007ffdd1ac0000 - 0x00007ffdd1ac7000 	C:\WINDOWS\system32\PSAPI.DLL
0x00007ffdd1bd0000 - 0x00007ffdd1c2a000 	C:\WINDOWS\system32\WS2_32.dll
0x00007ffdce0a0000 - 0x00007ffdce0ca000 	C:\WINDOWS\SYSTEM32\WINMMBASE.dll
0x00007ffdd2320000 - 0x00007ffdd2329000 	C:\WINDOWS\system32\NSI.dll
0x00007ffdd0d10000 - 0x00007ffdd0d5f000 	C:\WINDOWS\SYSTEM32\cfgmgr32.dll
0x00007ffdcf670000 - 0x00007ffdcf698000 	C:\WINDOWS\SYSTEM32\DEVOBJ.dll
0x0000000056f70000 - 0x0000000056f7f000 	C:\Program Files\Java\jre1.8.0_73\bin\verify.dll
0x0000000056f40000 - 0x0000000056f69000 	C:\Program Files\Java\jre1.8.0_73\bin\java.dll
0x0000000056f20000 - 0x0000000056f36000 	C:\Program Files\Java\jre1.8.0_73\bin\zip.dll
0x0000000056f00000 - 0x0000000056f1a000 	C:\Program Files\Java\jre1.8.0_73\bin\net.dll
0x00007ffdd0540000 - 0x00007ffdd0599000 	C:\WINDOWS\system32\mswsock.dll
0x0000000056ee0000 - 0x0000000056ef1000 	C:\Program Files\Java\jre1.8.0_73\bin\nio.dll
0x0000000070440000 - 0x0000000070682000 	C:\Users\Matthew\.jsfml\windows_x64\libsndfile-1.dll
0x00007ffdc4660000 - 0x00007ffdc46cc000 	C:\Users\Matthew\.jsfml\windows_x64\openal32.dll
0x00007ffdc7a60000 - 0x00007ffdc7a6e000 	C:\Users\Matthew\.jsfml\windows_x64\sfml-system-2.dll
0x0000000059490000 - 0x0000000059528000 	C:\WINDOWS\SYSTEM32\MSVCP100.dll
0x00007ffdc5010000 - 0x00007ffdc5024000 	C:\Users\Matthew\.jsfml\windows_x64\sfml-window-2.dll
0x00007ffdbb700000 - 0x00007ffdbb82b000 	C:\WINDOWS\SYSTEM32\OPENGL32.dll
0x00007ffdbb6d0000 - 0x00007ffdbb6fe000 	C:\WINDOWS\SYSTEM32\GLU32.dll
0x00007ffdbb5d0000 - 0x00007ffdbb6c8000 	C:\WINDOWS\SYSTEM32\DDRAW.dll
0x00007ffdbb5c0000 - 0x00007ffdbb5c9000 	C:\WINDOWS\SYSTEM32\DCIMAN32.dll
0x00007ffdc4810000 - 0x00007ffdc4823000 	C:\Users\Matthew\.jsfml\windows_x64\sfml-audio-2.dll
0x00007ffdb3eb0000 - 0x00007ffdb3f99000 	C:\Users\Matthew\.jsfml\windows_x64\sfml-graphics-2.dll
0x00007ffdc47d0000 - 0x00007ffdc4805000 	C:\Users\Matthew\.jsfml\windows_x64\jsfml.dll
0x0000000056be0000 - 0x0000000056d78000 	C:\Program Files\Java\jre1.8.0_73\bin\awt.dll
0x00007ffdd1fb0000 - 0x00007ffdd2071000 	C:\WINDOWS\system32\OLEAUT32.dll
0x00007ffdcf4d0000 - 0x00007ffdcf5f9000 	C:\WINDOWS\system32\uxtheme.dll
0x00007ffdcec90000 - 0x00007ffdcecb1000 	C:\WINDOWS\system32\dwmapi.dll
0x00007ffdcfc90000 - 0x00007ffdcfc9b000 	C:\WINDOWS\SYSTEM32\kernel.appcore.dll
0x00007ffdd0b80000 - 0x00007ffdd0b8b000 	C:\WINDOWS\SYSTEM32\CRYPTBASE.dll
0x00007ffdd0b10000 - 0x00007ffdd0b73000 	C:\WINDOWS\SYSTEM32\bcryptPrimitives.dll
0x0000000054700000 - 0x0000000055c76000 	C:\WINDOWS\SYSTEM32\nvoglv64.DLL
0x00007ffdd2090000 - 0x00007ffdd226a000 	C:\WINDOWS\system32\SETUPAPI.dll
0x00007ffdd00e0000 - 0x00007ffdd00f2000 	C:\WINDOWS\SYSTEM32\WTSAPI32.dll
0x00007ffdd1060000 - 0x00007ffdd10b1000 	C:\WINDOWS\system32\WINTRUST.dll
0x00007ffdd0d60000 - 0x00007ffdd0f3f000 	C:\WINDOWS\system32\CRYPT32.dll
0x00007ffdd0cf0000 - 0x00007ffdd0d01000 	C:\WINDOWS\system32\MSASN1.dll
0x00007ffdca940000 - 0x00007ffdca972000 	C:\WINDOWS\SYSTEM32\ntmarta.dll
0x00007ffdd0230000 - 0x00007ffdd0276000 	C:\WINDOWS\SYSTEM32\powrprof.dll
0x00007ffdcfa80000 - 0x00007ffdcfada000 	C:\WINDOWS\SYSTEM32\WINSTA.dll
0x00007ffdc3890000 - 0x00007ffdc38be000 	C:\WINDOWS\SYSTEM32\DINPUT.DLL
0x00007ffdcfa10000 - 0x00007ffdcfa1d000 	C:\WINDOWS\SYSTEM32\HID.DLL
0x00007ffdc3d70000 - 0x00007ffdc3ef9000 	C:\WINDOWS\SYSTEM32\dbghelp.dll

VM Arguments:
jvm_args: -Dfile.encoding=Cp1252 
java_command: FYP.Main game1
java_class_path (initial): C:\Users\Matthew\git\JORTS\flowField\bin;C:\Users\Matthew\git\JORTS\flowField\JARs\commons-lang3-3.4.jar;C:\Users\Matthew\git\JORTS\flowField\JARs\jsfml.jar;C:\Users\Matthew\git\JORTS\flowField\JARs\json-simple-1.1.1.jar
Launcher Type: SUN_STANDARD

Environment Variables:
PATH=C:/Program Files/Java/jre1.8.0_73/bin/server;C:/Program Files/Java/jre1.8.0_73/bin;C:/Program Files/Java/jre1.8.0_73/lib/amd64;C:\ProgramData\Oracle\Java\javapath;C:\Program Files (x86)\Intel\iCLS Client\;C:\Program Files\Intel\iCLS Client\;C:\WINDOWS\system32;C:\WINDOWS;C:\WINDOWS\System32\Wbem;C:\WINDOWS\System32\WindowsPowerShell\v1.0\;C:\Program Files\Intel\Intel(R) Management Engine Components\DAL;C:\Program Files\Intel\Intel(R) Management Engine Components\IPT;C:\Program Files (x86)\Intel\Intel(R) Management Engine Components\DAL;C:\Program Files (x86)\Intel\Intel(R) Management Engine Components\IPT;C:\Program Files (x86)\Windows Kits\8.1\Windows Performance Toolkit\;C:\Program Files\Microsoft SQL Server\110\Tools\Binn\;C:\Program Files (x86)\NVIDIA Corporation\PhysX\Common;C:\Program Files (x86)\Lua\5.1;C:\Program Files (x86)\Lua\5.1\clibs;C:\Program Files (x86)\Subversion\bin;C:\Program Files (x86)\Livestreamer;C:\Program Files (x86)\Skype\Phone\;C:\Users\Matthew\Desktop\eclipse-java-mars-R-win32-x86_64\eclipse;
USERNAME=Matthew
OS=Windows_NT
PROCESSOR_IDENTIFIER=Intel64 Family 6 Model 60 Stepping 3, GenuineIntel



---------------  S Y S T E M  ---------------

OS: Windows 8.1 , 64 bit Build 9600 (6.3.9600.17415)

CPU:total 4 (4 cores per cpu, 1 threads per core) family 6 model 60 stepping 3, cmov, cx8, fxsr, mmx, sse, sse2, sse3, ssse3, sse4.1, sse4.2, popcnt, avx, avx2, aes, clmul, erms, lzcnt, tsc, tscinvbit, bmi1, bmi2

Memory: 4k page, physical 8257272k(1252344k free), swap 15771344k(2954812k free)

vm_info: Java HotSpot(TM) 64-Bit Server VM (25.73-b02) for windows-amd64 JRE (1.8.0_73-b02), built on Jan 29 2016 17:38:49 by "java_re" with MS VC++ 10.0 (VS2010)

time: Mon Mar 21 17:56:41 2016
elapsed time: 26 seconds (0d 0h 0m 26s)

