#
# A fatal error has been detected by the Java Runtime Environment:
#
#  EXCEPTION_ACCESS_VIOLATION (0xc0000005) at pc=0x00007ffdc1911040, pid=3344, tid=2080
#
# JRE version: Java(TM) SE Runtime Environment (8.0_73-b02) (build 1.8.0_73-b02)
# Java VM: Java HotSpot(TM) 64-Bit Server VM (25.73-b02 mixed mode windows-amd64 compressed oops)
# Problematic frame:
# C  [sfml-window-2.dll+0x1040]
#
# Failed to write core dump. Minidumps are not enabled by default on client versions of Windows
#
# If you would like to submit a bug report, please visit:
#   http://bugreport.java.com/bugreport/crash.jsp
# The crash happened outside the Java Virtual Machine in native code.
# See problematic frame for where to report the bug.
#

---------------  T H R E A D  ---------------

Current thread (0x0000000001e20800):  JavaThread "main" [_thread_in_native, id=2080, stack(0x0000000001c40000,0x0000000001d40000)]

siginfo: ExceptionCode=0xc0000005, reading address 0xffffffffffffffff

Registers:
RAX=0x00007ffdb2cba870, RBX=0x000000001dd7d710, RCX=0x4188000040400000, RDX=0x00000000193ffd01
RSP=0x0000000001d3e878, RBP=0x0000000001d3ec20, RSI=0x000000001dd7d710, RDI=0x000000003eb375f0
R8 =0x0000000000000006, R9 =0x0000000000000005, R10=0x00000000193ffd80, R11=0x000000001dd7d710
R12=0x0000000000000006, R13=0x00000000193ffd80, R14=0x000000003eb375f0, R15=0x0000000000000005
RIP=0x00007ffdc1911040, EFLAGS=0x0000000000010202

Top of Stack: (sp=0x0000000001d3e878)
0x0000000001d3e878:   00007ffdb2c339cb 0000000000000006
0x0000000001d3e888:   000000003ebaa301 000000001dd7d87c
0x0000000001d3e898:   0000000000000004 0000000001d3e970
0x0000000001d3e8a8:   00007ffdb2c3469b 000000001dd7d710
0x0000000001d3e8b8:   0000000001d3ec20 000000001dd7d710
0x0000000001d3e8c8:   0000000001d3e970 000000003ebaa3c0
0x0000000001d3e8d8:   00007ffdb2c3bbc0 000000001dd7d710
0x0000000001d3e8e8:   0000000000000000 0000000000000000
0x0000000001d3e8f8:   0000000001d3ec28 0000000001d3ea40
0x0000000001d3e908:   00007ffdb2c400b9 0000000043898000
0x0000000001d3e918:   435d000000000000 0000000000000006
0x0000000001d3e928:   0000000000000005 0000000001d3e970
0x0000000001d3e938:   0000000000000000 3f7853fa3e78cfb0
0x0000000001d3e948:   00007ffdb2c33df8 0000000000000000
0x0000000001d3e958:   000000003f800000 4389800043d48000
0x0000000001d3e968:   3f80000000000000 3f7853fa00000000 

Instructions: (pc=0x00007ffdc1911040)
0x00007ffdc1911020:   8b 01 ba 01 00 00 00 ff 10 90 48 8b cb 48 83 c4
0x00007ffdc1911030:   30 5b e9 79 13 00 00 cc cc cc cc cc cc cc cc cc
0x00007ffdc1911040:   48 8b 49 08 e9 f7 0e 00 00 cc cc cc cc cc cc cc
0x00007ffdc1911050:   48 89 4c 24 08 57 48 83 ec 30 48 c7 44 24 20 fe 


Register to memory mapping:

RAX=0x00007ffdb2cba870 is an unknown value
RBX=0x000000001dd7d710 is an unknown value
RCX=0x4188000040400000 is an unknown value
RDX=0x00000000193ffd01 is an unknown value
RSP=0x0000000001d3e878 is pointing into the stack for thread: 0x0000000001e20800
RBP=0x0000000001d3ec20 is pointing into the stack for thread: 0x0000000001e20800
RSI=0x000000001dd7d710 is an unknown value
RDI=0x000000003eb375f0 is an unknown value
R8 =0x0000000000000006 is an unknown value
R9 =0x0000000000000005 is an unknown value
R10=0x00000000193ffd80 is an unknown value
R11=0x000000001dd7d710 is an unknown value
R12=0x0000000000000006 is an unknown value
R13=0x00000000193ffd80 is an unknown value
R14=0x000000003eb375f0 is an unknown value
R15=0x0000000000000005 is an unknown value


Stack: [0x0000000001c40000,0x0000000001d40000],  sp=0x0000000001d3e878,  free space=1018k
Native frames: (J=compiled Java code, j=interpreted, Vv=VM code, C=native code)
C  [sfml-window-2.dll+0x1040]

Java frames: (J=compiled Java code, j=interpreted, Vv=VM code)
J 834  org.jsfml.graphics.SFMLNativeDrawer.nativeDrawDrawable(Lorg/jsfml/graphics/Drawable;Lorg/jsfml/graphics/RenderTarget;ILjava/nio/Buffer;Lorg/jsfml/graphics/ConstTexture;Lorg/jsfml/graphics/ConstShader;)V (0 bytes) @ 0x000000000224fd79 [0x000000000224fcc0+0xb9]
J 993 C2 org.jsfml.graphics.Shape.draw(Lorg/jsfml/graphics/RenderTarget;Lorg/jsfml/graphics/RenderStates;)V (19 bytes) @ 0x00000000022e2ec8 [0x00000000022e2c00+0x2c8]
J 1163 C2 behaviour.flowField.Field.updateImage()V (228 bytes) @ 0x00000000023e5a74 [0x00000000023e50c0+0x9b4]
J 1173 C1 behaviour.flowField.Field.draw(Lorg/jsfml/graphics/RenderTarget;Lorg/jsfml/graphics/RenderStates;)V (47 bytes) @ 0x00000000023c2b8c [0x00000000023c2940+0x24c]
J 1077 C1 FYP.GameWindow.tick()V (112 bytes) @ 0x000000000232aa14 [0x0000000002329e60+0xbb4]
J 1076 C1 FYP.Main.gameLoop()V (85 bytes) @ 0x0000000002326adc [0x0000000002325c80+0xe5c]
j  FYP.Main.init()V+184
j  FYP.Main.main([Ljava/lang/String;)V+33
v  ~StubRoutines::call_stub

---------------  P R O C E S S  ---------------

Java Threads: ( => current thread )
  0x000000001870f000 JavaThread "AWT-Windows" daemon [_thread_in_native, id=8960, stack(0x0000000019bd0000,0x0000000019cd0000)]
  0x0000000019313000 JavaThread "Java2D Disposer" daemon [_thread_blocked, id=6180, stack(0x0000000018d20000,0x0000000018e20000)]
  0x0000000018381800 JavaThread "Service Thread" daemon [_thread_blocked, id=8420, stack(0x0000000018760000,0x0000000018860000)]
  0x0000000016a19000 JavaThread "C1 CompilerThread2" daemon [_thread_blocked, id=6048, stack(0x0000000018260000,0x0000000018360000)]
  0x0000000016a11800 JavaThread "C2 CompilerThread1" daemon [_thread_blocked, id=4272, stack(0x0000000018160000,0x0000000018260000)]
  0x0000000016a0e000 JavaThread "C2 CompilerThread0" daemon [_thread_blocked, id=1216, stack(0x0000000018060000,0x0000000018160000)]
  0x0000000016a16800 JavaThread "Attach Listener" daemon [_thread_blocked, id=8896, stack(0x0000000017f60000,0x0000000018060000)]
  0x0000000016a15000 JavaThread "Signal Dispatcher" daemon [_thread_blocked, id=9104, stack(0x0000000017e60000,0x0000000017f60000)]
  0x0000000001f17000 JavaThread "Finalizer" daemon [_thread_blocked, id=2948, stack(0x0000000017c80000,0x0000000017d80000)]
  0x0000000001f0e000 JavaThread "Reference Handler" daemon [_thread_blocked, id=196, stack(0x0000000017b80000,0x0000000017c80000)]
=>0x0000000001e20800 JavaThread "main" [_thread_in_native, id=2080, stack(0x0000000001c40000,0x0000000001d40000)]

Other Threads:
  0x00000000169d6800 VMThread [stack: 0x0000000017a80000,0x0000000017b80000] [id=1144]
  0x0000000018386000 WatcherThread [stack: 0x0000000018860000,0x0000000018960000] [id=6416]

VM state:not at safepoint (normal execution)

VM Mutex/Monitor currently owned by a thread: None

Heap:
 PSYoungGen      total 291840K, used 7719K [0x00000000d6000000, 0x00000000e9b00000, 0x0000000100000000)
  eden space 262144K, 2% used [0x00000000d6000000,0x00000000d6789f90,0x00000000e6000000)
  from space 29696K, 0% used [0x00000000e7e00000,0x00000000e7e00000,0x00000000e9b00000)
  to   space 30208K, 0% used [0x00000000e6000000,0x00000000e6000000,0x00000000e7d80000)
 ParOldGen       total 86016K, used 47277K [0x0000000082000000, 0x0000000087400000, 0x00000000d6000000)
  object space 86016K, 54% used [0x0000000082000000,0x0000000084e2b408,0x0000000087400000)
 Metaspace       used 7729K, capacity 7846K, committed 7936K, reserved 1056768K
  class space    used 906K, capacity 959K, committed 1024K, reserved 1048576K

Card table byte_map: [0x00000000112e0000,0x00000000116e0000] byte_map_base: 0x0000000010ed0000

Marking Bits: (ParMarkBitMap*) 0x0000000057dd0600
 Begin Bits: [0x0000000011d80000, 0x0000000013d00000)
 End Bits:   [0x0000000013d00000, 0x0000000015c80000)

Polling page: 0x0000000000430000

CodeCache: size=245760Kb used=5193Kb max_used=5233Kb free=240566Kb
 bounds [0x0000000001f20000, 0x0000000002450000, 0x0000000010f20000]
 total_blobs=1628 nmethods=1246 adapters=295
 compilation: enabled

Compilation events (10 events):
Event: 7.593 Thread 0x0000000016a11800 1240       4       java.nio.DirectByteBuffer$Deallocator::run (37 bytes)
Event: 7.594 Thread 0x0000000016a11800 nmethod 1240 0x00000000024147d0 code [0x0000000002414940, 0x0000000002414ca8]
Event: 7.594 Thread 0x0000000016a11800 1241   !   4       sun.misc.Cleaner::clean (35 bytes)
Event: 7.596 Thread 0x0000000016a11800 nmethod 1241 0x0000000002415d50 code [0x0000000002415ee0, 0x0000000002416568]
Event: 7.596 Thread 0x0000000016a11800 1242  s    4       java.nio.Bits::unreserveMemory (58 bytes)
Event: 7.597 Thread 0x0000000016a11800 nmethod 1242 0x00000000024142d0 code [0x0000000002414420, 0x00000000024146f8]
Event: 7.597 Thread 0x0000000016a11800 1243  s    4       sun.misc.Cleaner::remove (89 bytes)
Event: 7.598 Thread 0x0000000016a11800 nmethod 1243 0x0000000002415790 code [0x00000000024158e0, 0x0000000002415bd8]
Event: 7.618 Thread 0x0000000016a19000 1247       1       java.lang.reflect.Field::getName (5 bytes)
Event: 7.618 Thread 0x0000000016a19000 nmethod 1247 0x0000000002409c90 code [0x0000000002409de0, 0x0000000002409ef0]

GC Heap History (10 events):
Event: 1.076 GC heap before
{Heap before GC invocations=6 (full 0):
 PSYoungGen      total 136192K, used 136192K [0x00000000d6000000, 0x00000000e8300000, 0x0000000100000000)
  eden space 131072K, 100% used [0x00000000d6000000,0x00000000de000000,0x00000000de000000)
  from space 5120K, 100% used [0x00000000de000000,0x00000000de500000,0x00000000de500000)
  to   space 17920K, 0% used [0x00000000e7180000,0x00000000e7180000,0x00000000e8300000)
 ParOldGen       total 86016K, used 17973K [0x0000000082000000, 0x0000000087400000, 0x00000000d6000000)
  object space 86016K, 20% used [0x0000000082000000,0x000000008318d440,0x0000000087400000)
 Metaspace       used 7504K, capacity 7654K, committed 7936K, reserved 1056768K
  class space    used 899K, capacity 959K, committed 1024K, reserved 1048576K
Event: 1.084 GC heap after
Heap after GC invocations=6 (full 0):
 PSYoungGen      total 279040K, used 5120K [0x00000000d6000000, 0x00000000e8200000, 0x0000000100000000)
  eden space 262144K, 0% used [0x00000000d6000000,0x00000000d6000000,0x00000000e6000000)
  from space 16896K, 30% used [0x00000000e7180000,0x00000000e7680000,0x00000000e8200000)
  to   space 17408K, 0% used [0x00000000e6000000,0x00000000e6000000,0x00000000e7100000)
 ParOldGen       total 86016K, used 17973K [0x0000000082000000, 0x0000000087400000, 0x00000000d6000000)
  object space 86016K, 20% used [0x0000000082000000,0x000000008318d440,0x0000000087400000)
 Metaspace       used 7504K, capacity 7654K, committed 7936K, reserved 1056768K
  class space    used 899K, capacity 959K, committed 1024K, reserved 1048576K
}
Event: 6.318 GC heap before
{Heap before GC invocations=7 (full 0):
 PSYoungGen      total 279040K, used 108847K [0x00000000d6000000, 0x00000000e8200000, 0x0000000100000000)
  eden space 262144K, 39% used [0x00000000d6000000,0x00000000dc54bf98,0x00000000e6000000)
  from space 16896K, 30% used [0x00000000e7180000,0x00000000e7680000,0x00000000e8200000)
  to   space 17408K, 0% used [0x00000000e6000000,0x00000000e6000000,0x00000000e7100000)
 ParOldGen       total 86016K, used 17973K [0x0000000082000000, 0x0000000087400000, 0x00000000d6000000)
  object space 86016K, 20% used [0x0000000082000000,0x000000008318d440,0x0000000087400000)
 Metaspace       used 7716K, capacity 7846K, committed 7936K, reserved 1056768K
  class space    used 906K, capacity 959K, committed 1024K, reserved 1048576K
Event: 6.366 GC heap after
Heap after GC invocations=7 (full 0):
 PSYoungGen      total 279552K, used 17408K [0x00000000d6000000, 0x00000000e9c00000, 0x0000000100000000)
  eden space 262144K, 0% used [0x00000000d6000000,0x00000000d6000000,0x00000000e6000000)
  from space 17408K, 100% used [0x00000000e6000000,0x00000000e7100000,0x00000000e7100000)
  to   space 30720K, 0% used [0x00000000e7e00000,0x00000000e7e00000,0x00000000e9c00000)
 ParOldGen       total 86016K, used 38237K [0x0000000082000000, 0x0000000087400000, 0x00000000d6000000)
  object space 86016K, 44% used [0x0000000082000000,0x00000000845574d0,0x0000000087400000)
 Metaspace       used 7716K, capacity 7846K, committed 7936K, reserved 1056768K
  class space    used 906K, capacity 959K, committed 1024K, reserved 1048576K
}
Event: 6.366 GC heap before
{Heap before GC invocations=8 (full 1):
 PSYoungGen      total 279552K, used 17408K [0x00000000d6000000, 0x00000000e9c00000, 0x0000000100000000)
  eden space 262144K, 0% used [0x00000000d6000000,0x00000000d6000000,0x00000000e6000000)
  from space 17408K, 100% used [0x00000000e6000000,0x00000000e7100000,0x00000000e7100000)
  to   space 30720K, 0% used [0x00000000e7e00000,0x00000000e7e00000,0x00000000e9c00000)
 ParOldGen       total 86016K, used 38237K [0x0000000082000000, 0x0000000087400000, 0x00000000d6000000)
  object space 86016K, 44% used [0x0000000082000000,0x00000000845574d0,0x0000000087400000)
 Metaspace       used 7716K, capacity 7846K, committed 7936K, reserved 1056768K
  class space    used 906K, capacity 959K, committed 1024K, reserved 1048576K
Event: 6.649 GC heap after
Heap after GC invocations=8 (full 1):
 PSYoungGen      total 279552K, used 0K [0x00000000d6000000, 0x00000000e9c00000, 0x0000000100000000)
  eden space 262144K, 0% used [0x00000000d6000000,0x00000000d6000000,0x00000000e6000000)
  from space 17408K, 0% used [0x00000000e6000000,0x00000000e6000000,0x00000000e7100000)
  to   space 30720K, 0% used [0x00000000e7e00000,0x00000000e7e00000,0x00000000e9c00000)
 ParOldGen       total 86016K, used 54707K [0x0000000082000000, 0x0000000087400000, 0x00000000d6000000)
  object space 86016K, 63% used [0x0000000082000000,0x000000008556ce28,0x0000000087400000)
 Metaspace       used 7716K, capacity 7846K, committed 7936K, reserved 1056768K
  class space    used 906K, capacity 959K, committed 1024K, reserved 1048576K
}
Event: 7.236 GC heap before
{Heap before GC invocations=9 (full 1):
 PSYoungGen      total 279552K, used 15396K [0x00000000d6000000, 0x00000000e9c00000, 0x0000000100000000)
  eden space 262144K, 5% used [0x00000000d6000000,0x00000000d6f09210,0x00000000e6000000)
  from space 17408K, 0% used [0x00000000e6000000,0x00000000e6000000,0x00000000e7100000)
  to   space 30720K, 0% used [0x00000000e7e00000,0x00000000e7e00000,0x00000000e9c00000)
 ParOldGen       total 86016K, used 54707K [0x0000000082000000, 0x0000000087400000, 0x00000000d6000000)
  object space 86016K, 63% used [0x0000000082000000,0x000000008556ce28,0x0000000087400000)
 Metaspace       used 7722K, capacity 7846K, committed 7936K, reserved 1056768K
  class space    used 906K, capacity 959K, committed 1024K, reserved 1048576K
Event: 7.242 GC heap after
Heap after GC invocations=9 (full 1):
 PSYoungGen      total 291840K, used 5312K [0x00000000d6000000, 0x00000000e9b00000, 0x0000000100000000)
  eden space 262144K, 0% used [0x00000000d6000000,0x00000000d6000000,0x00000000e6000000)
  from space 29696K, 17% used [0x00000000e7e00000,0x00000000e8330000,0x00000000e9b00000)
  to   space 30208K, 0% used [0x00000000e6000000,0x00000000e6000000,0x00000000e7d80000)
 ParOldGen       total 86016K, used 54715K [0x0000000082000000, 0x0000000087400000, 0x00000000d6000000)
  object space 86016K, 63% used [0x0000000082000000,0x000000008556ee28,0x0000000087400000)
 Metaspace       used 7722K, capacity 7846K, committed 7936K, reserved 1056768K
  class space    used 906K, capacity 959K, committed 1024K, reserved 1048576K
}
Event: 7.242 GC heap before
{Heap before GC invocations=10 (full 2):
 PSYoungGen      total 291840K, used 5312K [0x00000000d6000000, 0x00000000e9b00000, 0x0000000100000000)
  eden space 262144K, 0% used [0x00000000d6000000,0x00000000d6000000,0x00000000e6000000)
  from space 29696K, 17% used [0x00000000e7e00000,0x00000000e8330000,0x00000000e9b00000)
  to   space 30208K, 0% used [0x00000000e6000000,0x00000000e6000000,0x00000000e7d80000)
 ParOldGen       total 86016K, used 54715K [0x0000000082000000, 0x0000000087400000, 0x00000000d6000000)
  object space 86016K, 63% used [0x0000000082000000,0x000000008556ee28,0x0000000087400000)
 Metaspace       used 7722K, capacity 7846K, committed 7936K, reserved 1056768K
  class space    used 906K, capacity 959K, committed 1024K, reserved 1048576K
Event: 7.335 GC heap after
Heap after GC invocations=10 (full 2):
 PSYoungGen      total 291840K, used 0K [0x00000000d6000000, 0x00000000e9b00000, 0x0000000100000000)
  eden space 262144K, 0% used [0x00000000d6000000,0x00000000d6000000,0x00000000e6000000)
  from space 29696K, 0% used [0x00000000e7e00000,0x00000000e7e00000,0x00000000e9b00000)
  to   space 30208K, 0% used [0x00000000e6000000,0x00000000e6000000,0x00000000e7d80000)
 ParOldGen       total 86016K, used 47277K [0x0000000082000000, 0x0000000087400000, 0x00000000d6000000)
  object space 86016K, 54% used [0x0000000082000000,0x0000000084e2b408,0x0000000087400000)
 Metaspace       used 7722K, capacity 7846K, committed 7936K, reserved 1056768K
  class space    used 906K, capacity 959K, committed 1024K, reserved 1048576K
}

Deoptimization events (10 events):
Event: 3.818 Thread 0x000000001f21f000 Uncommon trap: reason=unstable_if action=reinterpret pc=0x00000000022cdb88 method=behaviour.flowField.Field.setVectors()V @ 126
Event: 3.820 Thread 0x000000001f21f000 Uncommon trap: reason=unstable_if action=reinterpret pc=0x00000000022cb930 method=behaviour.flowField.FlowCell.setDir()V @ 15
Event: 3.820 Thread 0x000000001f21f000 Uncommon trap: reason=unstable_if action=reinterpret pc=0x00000000022bafe8 method=common.CommonFunctions.normaliseVector(Lorg/jsfml/system/Vector2f;)Lorg/jsfml/system/Vector2f; @ 8
Event: 3.820 Thread 0x000000001f21f000 Uncommon trap: reason=unstable_if action=reinterpret pc=0x0000000002310bfc method=behaviour.flowField.FlowCell.updateVectorVisualisation()V @ 14
Event: 3.933 Thread 0x0000000001e20800 Uncommon trap: reason=unstable_if action=reinterpret pc=0x0000000002316da8 method=behaviour.flowField.FlowCell.getVectorVisualistation()Lorg/jsfml/graphics/RectangleShape; @ 4
Event: 6.266 Thread 0x000000003126d800 Uncommon trap: reason=unstable_if action=reinterpret pc=0x00000000020f013c method=java.nio.Bits.reserveMemory(JI)V @ 37
Event: 6.701 Thread 0x0000000001f17000 Uncommon trap: reason=unstable_if action=reinterpret pc=0x0000000002408e40 method=java.lang.ref.ReferenceQueue.remove(J)Ljava/lang/ref/Reference; @ 31
Event: 7.236 Thread 0x0000000001e20800 Uncommon trap: reason=unstable_if action=reinterpret pc=0x00000000020ec2bc method=java.nio.Bits.reserveMemory(JI)V @ 37
Event: 7.474 Thread 0x0000000001f0e000 Uncommon trap: reason=unstable_if action=reinterpret pc=0x00000000024098dc method=java.lang.ref.ReferenceQueue.enqueue(Ljava/lang/ref/Reference;)Z @ 61
Event: 7.478 Thread 0x0000000001f17000 Uncommon trap: reason=unstable_if action=reinterpret pc=0x000000000240ce34 method=java.lang.ref.ReferenceQueue.remove(J)Ljava/lang/ref/Reference; @ 31

Internal exceptions (10 events):
Event: 7.223 Thread 0x0000000001e20800 Exception <a 'java/lang/NullPointerException'> (0x00000000d67f5fa0) thrown at [D:\re\puppet\workspace\8-2-build-windows-amd64-cygwin\jdk8u73\6086\hotspot\src\share\vm\runtime\sharedRuntime.cpp, line 605]
Event: 7.235 Thread 0x0000000001e20800 Implicit null exception at 0x0000000002283c64 to 0x0000000002283d2f
Event: 7.235 Thread 0x0000000001e20800 Exception <a 'java/lang/NullPointerException'> (0x00000000d67f9528) thrown at [D:\re\puppet\workspace\8-2-build-windows-amd64-cygwin\jdk8u73\6086\hotspot\src\share\vm\runtime\sharedRuntime.cpp, line 605]
Event: 7.235 Thread 0x0000000001e20800 Implicit null exception at 0x0000000002283c64 to 0x0000000002283d2f
Event: 7.235 Thread 0x0000000001e20800 Exception <a 'java/lang/NullPointerException'> (0x00000000d67f97b0) thrown at [D:\re\puppet\workspace\8-2-build-windows-amd64-cygwin\jdk8u73\6086\hotspot\src\share\vm\runtime\sharedRuntime.cpp, line 605]
Event: 7.235 Thread 0x0000000001e20800 Implicit null exception at 0x0000000002283c64 to 0x0000000002283d2f
Event: 7.235 Thread 0x0000000001e20800 Exception <a 'java/lang/NullPointerException'> (0x00000000d67f9df0) thrown at [D:\re\puppet\workspace\8-2-build-windows-amd64-cygwin\jdk8u73\6086\hotspot\src\share\vm\runtime\sharedRuntime.cpp, line 605]
Event: 7.236 Thread 0x0000000001e20800 Implicit null exception at 0x00000000023c29af to 0x00000000023c2d7f
Event: 7.236 Thread 0x0000000001e20800 Exception <a 'java/lang/NullPointerException'> (0x00000000d67fa600) thrown at [D:\re\puppet\workspace\8-2-build-windows-amd64-cygwin\jdk8u73\6086\hotspot\src\share\vm\runtime\sharedRuntime.cpp, line 605]
Event: 7.478 Thread 0x0000000001f17000 Implicit null exception at 0x000000000240cb6f to 0x000000000240ce09

Events (10 events):
Event: 7.236 Executing VM operation: ParallelGCSystemGC
Event: 7.335 Executing VM operation: ParallelGCSystemGC done
Event: 7.474 Thread 0x0000000001f0e000 Uncommon trap: trap_request=0xffffff65 fr.pc=0x00000000024098dc
Event: 7.474 Thread 0x0000000001f0e000 DEOPT PACKING pc=0x00000000024098dc sp=0x0000000017c7f180
Event: 7.474 Thread 0x0000000001f0e000 DEOPT UNPACKING pc=0x0000000001f6582a sp=0x0000000017c7f138 mode 2
Event: 7.478 Thread 0x0000000001f17000 Uncommon trap: trap_request=0xffffff65 fr.pc=0x000000000240ce34
Event: 7.478 Thread 0x0000000001f17000 DEOPT PACKING pc=0x000000000240ce34 sp=0x0000000017d7eea0
Event: 7.478 Thread 0x0000000001f17000 DEOPT UNPACKING pc=0x0000000001f6582a sp=0x0000000017d7ee28 mode 2
Event: 7.611 loading class java/util/concurrent/locks/LockSupport
Event: 7.618 loading class java/util/concurrent/locks/LockSupport done


Dynamic libraries:
0x00007ff77b010000 - 0x00007ff77b047000 	C:\Program Files\Java\jre1.8.0_73\bin\javaw.exe
0x00007ffdd3af0000 - 0x00007ffdd3c9d000 	C:\WINDOWS\SYSTEM32\ntdll.dll
0x00007ffdd2330000 - 0x00007ffdd246e000 	C:\WINDOWS\system32\KERNEL32.DLL
0x00007ffdd0f40000 - 0x00007ffdd1055000 	C:\WINDOWS\system32\KERNELBASE.dll
0x00007ffdcf400000 - 0x00007ffdcf48e000 	C:\WINDOWS\system32\apphelp.dll
0x00007ffdb4480000 - 0x00007ffdb44d3000 	C:\WINDOWS\AppPatch\AppPatch64\AcGenral.DLL
0x00007ffdd1db0000 - 0x00007ffdd1e5a000 	C:\WINDOWS\system32\msvcrt.dll
0x00007ffdd0ae0000 - 0x00007ffdd0b0e000 	C:\WINDOWS\SYSTEM32\SspiCli.dll
0x00007ffdd1b30000 - 0x00007ffdd1b84000 	C:\WINDOWS\system32\SHLWAPI.dll
0x00007ffdd1c30000 - 0x00007ffdd1da7000 	C:\WINDOWS\system32\USER32.dll
0x00007ffdd1540000 - 0x00007ffdd16d4000 	C:\WINDOWS\system32\ole32.dll
0x00007ffdd25c0000 - 0x00007ffdd3aea000 	C:\WINDOWS\system32\SHELL32.dll
0x00007ffdd0460000 - 0x00007ffdd0481000 	C:\WINDOWS\SYSTEM32\USERENV.dll
0x00007ffdd2270000 - 0x00007ffdd231a000 	C:\WINDOWS\system32\ADVAPI32.dll
0x00007ffdc5440000 - 0x00007ffdc545e000 	C:\WINDOWS\SYSTEM32\MPR.dll
0x00007ffdd1e60000 - 0x00007ffdd1fa1000 	C:\WINDOWS\system32\RPCRT4.dll
0x00007ffdd1ad0000 - 0x00007ffdd1b29000 	C:\WINDOWS\SYSTEM32\sechost.dll
0x00007ffdd16e0000 - 0x00007ffdd18f1000 	C:\WINDOWS\SYSTEM32\combase.dll
0x00007ffdd2470000 - 0x00007ffdd25c0000 	C:\WINDOWS\system32\GDI32.dll
0x00007ffdd0c40000 - 0x00007ffdd0c55000 	C:\WINDOWS\SYSTEM32\profapi.dll
0x00007ffdcfcc0000 - 0x00007ffdcfd72000 	C:\WINDOWS\SYSTEM32\SHCORE.dll
0x00007ffdd1b90000 - 0x00007ffdd1bc6000 	C:\WINDOWS\system32\IMM32.DLL
0x00007ffdd1200000 - 0x00007ffdd1352000 	C:\WINDOWS\system32\MSCTF.dll
0x00007ffdce860000 - 0x00007ffdceadb000 	C:\WINDOWS\WinSxS\amd64_microsoft.windows.common-controls_6595b64144ccf1df_6.0.9600.18006_none_623f33d3ecbe86e8\COMCTL32.dll
0x00000000573a0000 - 0x0000000057472000 	C:\Program Files\Java\jre1.8.0_73\bin\msvcr100.dll
0x00000000575c0000 - 0x0000000057e50000 	C:\Program Files\Java\jre1.8.0_73\bin\server\jvm.dll
0x00007ffdcb1e0000 - 0x00007ffdcb1e9000 	C:\WINDOWS\SYSTEM32\WSOCK32.dll
0x00007ffdcd210000 - 0x00007ffdcd232000 	C:\WINDOWS\SYSTEM32\WINMM.dll
0x00007ffdd00d0000 - 0x00007ffdd00da000 	C:\WINDOWS\SYSTEM32\VERSION.dll
0x00007ffdd1ac0000 - 0x00007ffdd1ac7000 	C:\WINDOWS\system32\PSAPI.DLL
0x00007ffdd1bd0000 - 0x00007ffdd1c2a000 	C:\WINDOWS\system32\WS2_32.dll
0x00007ffdce0a0000 - 0x00007ffdce0ca000 	C:\WINDOWS\SYSTEM32\WINMMBASE.dll
0x00007ffdd2320000 - 0x00007ffdd2329000 	C:\WINDOWS\system32\NSI.dll
0x00007ffdd0d10000 - 0x00007ffdd0d5f000 	C:\WINDOWS\SYSTEM32\cfgmgr32.dll
0x00007ffdcf670000 - 0x00007ffdcf698000 	C:\WINDOWS\SYSTEM32\DEVOBJ.dll
0x00000000575b0000 - 0x00000000575bf000 	C:\Program Files\Java\jre1.8.0_73\bin\verify.dll
0x0000000057580000 - 0x00000000575a9000 	C:\Program Files\Java\jre1.8.0_73\bin\java.dll
0x0000000057560000 - 0x0000000057576000 	C:\Program Files\Java\jre1.8.0_73\bin\zip.dll
0x0000000057540000 - 0x000000005755a000 	C:\Program Files\Java\jre1.8.0_73\bin\net.dll
0x00007ffdd0540000 - 0x00007ffdd0599000 	C:\WINDOWS\system32\mswsock.dll
0x0000000057520000 - 0x0000000057531000 	C:\Program Files\Java\jre1.8.0_73\bin\nio.dll
0x0000000070440000 - 0x0000000070682000 	C:\Users\Matthew\.jsfml\windows_x64\libsndfile-1.dll
0x00007ffdb3fe0000 - 0x00007ffdb404c000 	C:\Users\Matthew\.jsfml\windows_x64\openal32.dll
0x00007ffdc4400000 - 0x00007ffdc440e000 	C:\Users\Matthew\.jsfml\windows_x64\sfml-system-2.dll
0x0000000059490000 - 0x0000000059528000 	C:\WINDOWS\SYSTEM32\MSVCP100.dll
0x00007ffdc1910000 - 0x00007ffdc1924000 	C:\Users\Matthew\.jsfml\windows_x64\sfml-window-2.dll
0x00007ffdbb700000 - 0x00007ffdbb82b000 	C:\WINDOWS\SYSTEM32\OPENGL32.dll
0x00007ffdbb6d0000 - 0x00007ffdbb6fe000 	C:\WINDOWS\SYSTEM32\GLU32.dll
0x00007ffdbb5d0000 - 0x00007ffdbb6c8000 	C:\WINDOWS\SYSTEM32\DDRAW.dll
0x00007ffdbb5c0000 - 0x00007ffdbb5c9000 	C:\WINDOWS\SYSTEM32\DCIMAN32.dll
0x00007ffdc1420000 - 0x00007ffdc1433000 	C:\Users\Matthew\.jsfml\windows_x64\sfml-audio-2.dll
0x00007ffdb2c20000 - 0x00007ffdb2d09000 	C:\Users\Matthew\.jsfml\windows_x64\sfml-graphics-2.dll
0x00007ffdbe5a0000 - 0x00007ffdbe5d5000 	C:\Users\Matthew\.jsfml\windows_x64\jsfml.dll
0x0000000057200000 - 0x0000000057398000 	C:\Program Files\Java\jre1.8.0_73\bin\awt.dll
0x00007ffdd1fb0000 - 0x00007ffdd2071000 	C:\WINDOWS\system32\OLEAUT32.dll
0x00007ffdcf4d0000 - 0x00007ffdcf5f9000 	C:\WINDOWS\system32\uxtheme.dll
0x00007ffdcec90000 - 0x00007ffdcecb1000 	C:\WINDOWS\system32\dwmapi.dll
0x00007ffdcfc90000 - 0x00007ffdcfc9b000 	C:\WINDOWS\SYSTEM32\kernel.appcore.dll
0x00007ffdd0b80000 - 0x00007ffdd0b8b000 	C:\WINDOWS\SYSTEM32\CRYPTBASE.dll
0x00007ffdd0b10000 - 0x00007ffdd0b73000 	C:\WINDOWS\SYSTEM32\bcryptPrimitives.dll
0x0000000055c80000 - 0x00000000571f6000 	C:\WINDOWS\SYSTEM32\nvoglv64.DLL
0x00007ffdd2090000 - 0x00007ffdd226a000 	C:\WINDOWS\system32\SETUPAPI.dll
0x00007ffdd00e0000 - 0x00007ffdd00f2000 	C:\WINDOWS\SYSTEM32\WTSAPI32.dll
0x00007ffdd1060000 - 0x00007ffdd10b1000 	C:\WINDOWS\system32\WINTRUST.dll
0x00007ffdd0d60000 - 0x00007ffdd0f3f000 	C:\WINDOWS\system32\CRYPT32.dll
0x00007ffdd0cf0000 - 0x00007ffdd0d01000 	C:\WINDOWS\system32\MSASN1.dll
0x00007ffdca940000 - 0x00007ffdca972000 	C:\WINDOWS\SYSTEM32\ntmarta.dll
0x00007ffdd0230000 - 0x00007ffdd0276000 	C:\WINDOWS\SYSTEM32\powrprof.dll
0x00007ffdcfa80000 - 0x00007ffdcfada000 	C:\WINDOWS\SYSTEM32\WINSTA.dll
0x00007ffdc13f0000 - 0x00007ffdc141e000 	C:\WINDOWS\SYSTEM32\DINPUT.DLL
0x00007ffdcfa10000 - 0x00007ffdcfa1d000 	C:\WINDOWS\SYSTEM32\HID.DLL
0x00007ffdc3d70000 - 0x00007ffdc3ef9000 	C:\WINDOWS\SYSTEM32\dbghelp.dll

VM Arguments:
jvm_args: -Dfile.encoding=Cp1252 
java_command: FYP.Main game1
java_class_path (initial): C:\Users\Matthew\git\JORTS\flowField\bin;C:\Users\Matthew\git\JORTS\flowField\JARs\commons-lang3-3.4.jar;C:\Users\Matthew\git\JORTS\flowField\JARs\jsfml.jar;C:\Users\Matthew\git\JORTS\flowField\JARs\json-simple-1.1.1.jar
Launcher Type: SUN_STANDARD

Environment Variables:
PATH=C:/Program Files/Java/jre1.8.0_73/bin/server;C:/Program Files/Java/jre1.8.0_73/bin;C:/Program Files/Java/jre1.8.0_73/lib/amd64;C:\ProgramData\Oracle\Java\javapath;C:\Program Files (x86)\Intel\iCLS Client\;C:\Program Files\Intel\iCLS Client\;C:\WINDOWS\system32;C:\WINDOWS;C:\WINDOWS\System32\Wbem;C:\WINDOWS\System32\WindowsPowerShell\v1.0\;C:\Program Files\Intel\Intel(R) Management Engine Components\DAL;C:\Program Files\Intel\Intel(R) Management Engine Components\IPT;C:\Program Files (x86)\Intel\Intel(R) Management Engine Components\DAL;C:\Program Files (x86)\Intel\Intel(R) Management Engine Components\IPT;C:\Program Files (x86)\Windows Kits\8.1\Windows Performance Toolkit\;C:\Program Files\Microsoft SQL Server\110\Tools\Binn\;C:\Program Files (x86)\NVIDIA Corporation\PhysX\Common;C:\Program Files (x86)\Lua\5.1;C:\Program Files (x86)\Lua\5.1\clibs;C:\Program Files (x86)\Subversion\bin;C:\Program Files (x86)\Livestreamer;C:\Program Files (x86)\Skype\Phone\;C:\Users\Matthew\Desktop\eclipse-java-mars-R-win32-x86_64\eclipse;
USERNAME=Matthew
OS=Windows_NT
PROCESSOR_IDENTIFIER=Intel64 Family 6 Model 60 Stepping 3, GenuineIntel



---------------  S Y S T E M  ---------------

OS: Windows 8.1 , 64 bit Build 9600 (6.3.9600.17415)

CPU:total 4 (4 cores per cpu, 1 threads per core) family 6 model 60 stepping 3, cmov, cx8, fxsr, mmx, sse, sse2, sse3, ssse3, sse4.1, sse4.2, popcnt, avx, avx2, aes, clmul, erms, lzcnt, tsc, tscinvbit, bmi1, bmi2

Memory: 4k page, physical 8257272k(2507544k free), swap 12472724k(3360252k free)

vm_info: Java HotSpot(TM) 64-Bit Server VM (25.73-b02) for windows-amd64 JRE (1.8.0_73-b02), built on Jan 29 2016 17:38:49 by "java_re" with MS VC++ 10.0 (VS2010)

time: Wed Mar 16 15:45:57 2016
elapsed time: 11 seconds (0d 0h 0m 11s)

