pos:(383.63943,176.48282)
pos:(545.14526,499.55847)
pos:(507.94687,53.548866)
pos:(403.44702,384.5443)
pos:(599.00806,406.9768)
pos:(792.1496,599.0837)
pos:(498.90085,209.81618)
pos:(344.69336,382.3111)
pos:(445.81293,352.78925)
pos:(499.88202,377.12997)
pos:(797.12445,525.4889)
pos:(837.8545,660.3561)
pos:(502.28952,448.79266)
pos:(499.2268,273.42487)
pos:(427.6726,599.66003)
pos:(753.3687,59.043583)
pos:(317.40417,445.86667)
pos:(488.49924,508.09882)
pos:(435.48645,219.62666)
pos:(385.27713,442.5893)
pos:(600.424,541.30206)
pos:(599.7776,473.7104)
pos:(547.7319,433.86618)
pos:(279.65308,389.8765)
pos:(539.0283,559.89325)
pos:(730.99365,568.5896)
pos:(433.7037,135.23318)
pos:(352.38895,499.90826)
pos:(382.95248,258.2126)
pos:(490.80212,599.9706)
pos:(647.571,628.4488)
pos:(678.0677,64.38001)
pos:(437.94598,480.1418)
pos:(856.01556,576.7306)
pos:(853.2252,729.596)
pos:(391.72275,324.40897)
pos:(498.9553,147.58087)
pos:(775.7104,667.8983)
pos:(617.0546,49.520786)
pos:(499.27893,336.1442)
pos:(898.8688,635.43225)
pos:(513.87463,73.35227)
pos:(441.9483,289.40536)
pos:(451.24594,422.26633)
pos:(716.4038,636.72925)
pos:(330.99463,311.14322)
pos:(585.9716,609.9032)
pos:(456.65326,545.9904)
pos:(331.54468,218.2297)
pos:(668.5031,557.8645)
